2023/11/02 12:54:16 [notice] 1#1: using the "epoll" event method
2023/11/02 12:54:16 [notice] 1#1: nginx/1.25.2
2023/11/02 12:54:16 [notice] 1#1: built by gcc 12.2.0 (Debian 12.2.0-14) 
2023/11/02 12:54:16 [notice] 1#1: OS: Linux 6.3.13-linuxkit
2023/11/02 12:54:16 [notice] 1#1: getrlimit(RLIMIT_NOFILE): 1048576:1048576
2023/11/02 12:54:16 [notice] 1#1: start worker processes
2023/11/02 12:54:16 [notice] 1#1: start worker process 28
2023/11/02 12:54:16 [notice] 1#1: start worker process 29
2023/11/02 12:54:16 [notice] 1#1: start worker process 30
2023/11/02 12:54:16 [notice] 1#1: start worker process 31
2023/11/02 14:41:24 [notice] 1#1: signal 3 (SIGQUIT) received, shutting down
2023/11/02 14:41:24 [notice] 29#29: gracefully shutting down
2023/11/02 14:41:24 [notice] 30#30: gracefully shutting down
2023/11/02 14:41:24 [notice] 28#28: gracefully shutting down
2023/11/02 14:41:24 [notice] 30#30: exiting
2023/11/02 14:41:24 [notice] 31#31: gracefully shutting down
2023/11/02 14:41:24 [notice] 29#29: exiting
2023/11/02 14:41:24 [notice] 30#30: exit
2023/11/02 14:41:24 [notice] 28#28: exiting
2023/11/02 14:41:24 [notice] 31#31: exiting
2023/11/02 14:41:24 [notice] 29#29: exit
2023/11/02 14:41:24 [notice] 28#28: exit
2023/11/02 14:41:24 [notice] 31#31: exit
2023/11/02 14:41:24 [notice] 1#1: signal 17 (SIGCHLD) received from 28
2023/11/02 14:41:24 [notice] 1#1: worker process 28 exited with code 0
2023/11/02 14:41:24 [notice] 1#1: signal 29 (SIGIO) received
2023/11/02 14:41:24 [notice] 1#1: signal 17 (SIGCHLD) received from 30
2023/11/02 14:41:24 [notice] 1#1: worker process 30 exited with code 0
2023/11/02 14:41:24 [notice] 1#1: signal 29 (SIGIO) received
2023/11/02 14:41:24 [notice] 1#1: signal 17 (SIGCHLD) received from 29
2023/11/02 14:41:24 [notice] 1#1: worker process 29 exited with code 0
2023/11/02 14:41:24 [notice] 1#1: worker process 31 exited with code 0
2023/11/02 14:41:24 [notice] 1#1: exit
2023/11/02 14:43:31 [notice] 1#1: using the "epoll" event method
2023/11/02 14:43:31 [notice] 1#1: nginx/1.25.2
2023/11/02 14:43:31 [notice] 1#1: built by gcc 12.2.0 (Debian 12.2.0-14) 
2023/11/02 14:43:31 [notice] 1#1: OS: Linux 6.3.13-linuxkit
2023/11/02 14:43:31 [notice] 1#1: getrlimit(RLIMIT_NOFILE): 1048576:1048576
2023/11/02 14:43:31 [notice] 1#1: start worker processes
2023/11/02 14:43:31 [notice] 1#1: start worker process 28
2023/11/02 14:43:31 [notice] 1#1: start worker process 29
2023/11/02 14:43:31 [notice] 1#1: start worker process 30
2023/11/02 14:43:31 [notice] 1#1: start worker process 31
2023/11/02 15:23:24 [notice] 1#1: signal 3 (SIGQUIT) received, shutting down
2023/11/02 15:23:24 [notice] 28#28: gracefully shutting down
2023/11/02 15:23:24 [notice] 28#28: exiting
2023/11/02 15:23:24 [notice] 30#30: gracefully shutting down
2023/11/02 15:23:24 [notice] 30#30: exiting
2023/11/02 15:23:24 [notice] 31#31: gracefully shutting down
2023/11/02 15:23:24 [notice] 29#29: gracefully shutting down
2023/11/02 15:23:24 [notice] 29#29: exiting
2023/11/02 15:23:24 [notice] 28#28: exit
2023/11/02 15:23:24 [notice] 30#30: exit
2023/11/02 15:23:24 [notice] 31#31: exiting
2023/11/02 15:23:24 [notice] 29#29: exit
2023/11/02 15:23:24 [notice] 31#31: exit
2023/11/02 15:23:24 [notice] 1#1: signal 17 (SIGCHLD) received from 28
2023/11/02 15:23:24 [notice] 1#1: worker process 28 exited with code 0
2023/11/02 15:23:24 [notice] 1#1: signal 29 (SIGIO) received
2023/11/02 15:23:24 [notice] 1#1: signal 17 (SIGCHLD) received from 31
2023/11/02 15:23:24 [notice] 1#1: worker process 31 exited with code 0
2023/11/02 15:23:24 [notice] 1#1: signal 29 (SIGIO) received
2023/11/02 15:23:24 [notice] 1#1: signal 17 (SIGCHLD) received from 30
2023/11/02 15:23:24 [notice] 1#1: worker process 30 exited with code 0
2023/11/02 15:23:24 [notice] 1#1: signal 29 (SIGIO) received
2023/11/02 15:23:24 [notice] 1#1: signal 17 (SIGCHLD) received from 29
2023/11/02 15:23:24 [notice] 1#1: worker process 29 exited with code 0
2023/11/02 15:23:24 [notice] 1#1: exit
2023/11/03 13:17:48 [notice] 1#1: using the "epoll" event method
2023/11/03 13:17:48 [notice] 1#1: nginx/1.25.2
2023/11/03 13:17:48 [notice] 1#1: built by gcc 12.2.0 (Debian 12.2.0-14) 
2023/11/03 13:17:48 [notice] 1#1: OS: Linux 6.3.13-linuxkit
2023/11/03 13:17:48 [notice] 1#1: getrlimit(RLIMIT_NOFILE): 1048576:1048576
2023/11/03 13:17:48 [notice] 1#1: start worker processes
2023/11/03 13:17:48 [notice] 1#1: start worker process 28
2023/11/03 13:17:48 [notice] 1#1: start worker process 29
2023/11/03 13:17:48 [notice] 1#1: start worker process 30
2023/11/03 13:17:48 [notice] 1#1: start worker process 31
2023/11/03 13:46:02 [error] 30#30: *17 upstream timed out (110: Connection timed out) while reading response header from upstream, client: 192.168.65.1, server: , request: "GET / HTTP/1.1", upstream: "fastcgi://172.19.0.3:9000", host: "localhost"
2023/11/03 15:08:10 [error] 29#29: *93 upstream timed out (110: Connection timed out) while reading response header from upstream, client: 192.168.65.1, server: , request: "GET / HTTP/1.1", upstream: "fastcgi://172.19.0.3:9000", host: "localhost"
2023/11/03 17:21:51 [notice] 1#1: signal 3 (SIGQUIT) received, shutting down
2023/11/03 17:21:52 [notice] 28#28: gracefully shutting down
2023/11/03 17:21:52 [notice] 29#29: gracefully shutting down
2023/11/03 17:21:52 [notice] 29#29: exiting
2023/11/03 17:21:52 [notice] 30#30: gracefully shutting down
2023/11/03 17:21:52 [notice] 31#31: gracefully shutting down
2023/11/03 17:21:52 [notice] 28#28: exiting
2023/11/03 17:21:52 [notice] 29#29: exit
2023/11/03 17:21:52 [notice] 28#28: exit
2023/11/03 17:21:52 [notice] 31#31: exiting
2023/11/03 17:21:52 [notice] 31#31: exit
2023/11/03 17:21:52 [notice] 30#30: exiting
2023/11/03 17:21:52 [notice] 30#30: exit
2023/11/03 17:21:52 [notice] 1#1: signal 17 (SIGCHLD) received from 31
2023/11/03 17:21:52 [notice] 1#1: worker process 31 exited with code 0
2023/11/03 17:21:52 [notice] 1#1: signal 29 (SIGIO) received
2023/11/03 17:21:52 [notice] 1#1: signal 17 (SIGCHLD) received from 30
2023/11/03 17:21:52 [notice] 1#1: worker process 29 exited with code 0
2023/11/03 17:21:52 [notice] 1#1: worker process 30 exited with code 0
2023/11/03 17:21:52 [notice] 1#1: signal 29 (SIGIO) received
2023/11/03 17:21:52 [notice] 1#1: signal 17 (SIGCHLD) received from 28
2023/11/03 17:21:52 [notice] 1#1: worker process 28 exited with code 0
2023/11/03 17:21:52 [notice] 1#1: exit
2023/11/06 16:16:23 [notice] 1#1: using the "epoll" event method
2023/11/06 16:16:23 [notice] 1#1: nginx/1.25.2
2023/11/06 16:16:23 [notice] 1#1: built by gcc 12.2.0 (Debian 12.2.0-14) 
2023/11/06 16:16:23 [notice] 1#1: OS: Linux 6.3.13-linuxkit
2023/11/06 16:16:23 [notice] 1#1: getrlimit(RLIMIT_NOFILE): 1048576:1048576
2023/11/06 16:16:23 [notice] 1#1: start worker processes
2023/11/06 16:16:23 [notice] 1#1: start worker process 28
2023/11/06 16:16:23 [notice] 1#1: start worker process 29
2023/11/06 16:16:23 [notice] 1#1: start worker process 30
2023/11/06 16:16:23 [notice] 1#1: start worker process 31
2023/11/06 19:58:45 [notice] 1#1: signal 3 (SIGQUIT) received, shutting down
2023/11/06 19:58:45 [notice] 28#28: gracefully shutting down
2023/11/06 19:58:45 [notice] 28#28: exiting
2023/11/06 19:58:45 [notice] 28#28: exit
2023/11/06 19:58:45 [notice] 29#29: gracefully shutting down
2023/11/06 19:58:45 [notice] 30#30: gracefully shutting down
2023/11/06 19:58:45 [notice] 31#31: gracefully shutting down
2023/11/06 19:58:45 [notice] 29#29: exiting
2023/11/06 19:58:45 [notice] 30#30: exiting
2023/11/06 19:58:45 [notice] 30#30: exit
2023/11/06 19:58:45 [notice] 31#31: exiting
2023/11/06 19:58:45 [notice] 29#29: exit
2023/11/06 19:58:45 [notice] 31#31: exit
2023/11/06 19:58:45 [notice] 1#1: signal 17 (SIGCHLD) received from 28
2023/11/06 19:58:45 [notice] 1#1: worker process 28 exited with code 0
2023/11/06 19:58:45 [notice] 1#1: signal 29 (SIGIO) received
2023/11/06 19:58:45 [notice] 1#1: signal 17 (SIGCHLD) received from 31
2023/11/06 19:58:45 [notice] 1#1: worker process 29 exited with code 0
2023/11/06 19:58:45 [notice] 1#1: worker process 30 exited with code 0
2023/11/06 19:58:45 [notice] 1#1: worker process 31 exited with code 0
2023/11/06 19:58:45 [notice] 1#1: exit
2023/11/07 14:01:31 [notice] 1#1: using the "epoll" event method
2023/11/07 14:01:31 [notice] 1#1: nginx/1.25.2
2023/11/07 14:01:31 [notice] 1#1: built by gcc 12.2.0 (Debian 12.2.0-14) 
2023/11/07 14:01:31 [notice] 1#1: OS: Linux 6.3.13-linuxkit
2023/11/07 14:01:31 [notice] 1#1: getrlimit(RLIMIT_NOFILE): 1048576:1048576
2023/11/07 14:01:31 [notice] 1#1: start worker processes
2023/11/07 14:01:31 [notice] 1#1: start worker process 28
2023/11/07 14:01:31 [notice] 1#1: start worker process 29
2023/11/07 14:01:31 [notice] 1#1: start worker process 30
2023/11/07 14:01:31 [notice] 1#1: start worker process 31
2023/11/07 19:54:20 [notice] 1#1: signal 3 (SIGQUIT) received, shutting down
2023/11/07 19:54:20 [notice] 28#28: gracefully shutting down
2023/11/07 19:54:20 [notice] 31#31: gracefully shutting down
2023/11/07 19:54:20 [notice] 29#29: gracefully shutting down
2023/11/07 19:54:20 [notice] 30#30: gracefully shutting down
2023/11/07 19:54:20 [notice] 30#30: exiting
2023/11/07 19:54:20 [notice] 28#28: exiting
2023/11/07 19:54:20 [notice] 31#31: exiting
2023/11/07 19:54:20 [notice] 30#30: exit
2023/11/07 19:54:20 [notice] 28#28: exit
2023/11/07 19:54:20 [notice] 31#31: exit
2023/11/07 19:54:20 [notice] 29#29: exiting
2023/11/07 19:54:20 [notice] 29#29: exit
2023/11/07 19:54:20 [notice] 1#1: signal 17 (SIGCHLD) received from 31
2023/11/07 19:54:20 [notice] 1#1: worker process 31 exited with code 0
2023/11/07 19:54:20 [notice] 1#1: signal 29 (SIGIO) received
2023/11/07 19:54:20 [notice] 1#1: signal 17 (SIGCHLD) received from 30
2023/11/07 19:54:20 [notice] 1#1: worker process 28 exited with code 0
2023/11/07 19:54:20 [notice] 1#1: worker process 29 exited with code 0
2023/11/07 19:54:20 [notice] 1#1: worker process 30 exited with code 0
2023/11/07 19:54:20 [notice] 1#1: exit
2023/11/08 12:30:26 [notice] 1#1: using the "epoll" event method
2023/11/08 12:30:26 [notice] 1#1: nginx/1.25.2
2023/11/08 12:30:26 [notice] 1#1: built by gcc 12.2.0 (Debian 12.2.0-14) 
2023/11/08 12:30:26 [notice] 1#1: OS: Linux 6.3.13-linuxkit
2023/11/08 12:30:26 [notice] 1#1: getrlimit(RLIMIT_NOFILE): 1048576:1048576
2023/11/08 12:30:26 [notice] 1#1: start worker processes
2023/11/08 12:30:26 [notice] 1#1: start worker process 28
2023/11/08 12:30:26 [notice] 1#1: start worker process 29
2023/11/08 12:30:26 [notice] 1#1: start worker process 30
2023/11/08 12:30:26 [notice] 1#1: start worker process 31
2023/11/08 12:35:13 [notice] 1#1: signal 3 (SIGQUIT) received, shutting down
2023/11/08 12:35:13 [notice] 28#28: gracefully shutting down
2023/11/08 12:35:13 [notice] 28#28: exiting
2023/11/08 12:35:13 [notice] 31#31: gracefully shutting down
2023/11/08 12:35:13 [notice] 31#31: exiting
2023/11/08 12:35:13 [notice] 29#29: gracefully shutting down
2023/11/08 12:35:13 [notice] 29#29: exiting
2023/11/08 12:35:13 [notice] 30#30: gracefully shutting down
2023/11/08 12:35:13 [notice] 30#30: exiting
2023/11/08 12:35:13 [notice] 28#28: exit
2023/11/08 12:35:13 [notice] 31#31: exit
2023/11/08 12:35:13 [notice] 29#29: exit
2023/11/08 12:35:13 [notice] 30#30: exit
2023/11/08 12:35:13 [notice] 1#1: signal 17 (SIGCHLD) received from 30
2023/11/08 12:35:13 [notice] 1#1: worker process 28 exited with code 0
2023/11/08 12:35:13 [notice] 1#1: worker process 29 exited with code 0
2023/11/08 12:35:13 [notice] 1#1: worker process 30 exited with code 0
2023/11/08 12:35:13 [notice] 1#1: worker process 31 exited with code 0
2023/11/08 12:35:13 [notice] 1#1: exit
2023/11/14 17:07:53 [notice] 1#1: using the "epoll" event method
2023/11/14 17:07:53 [notice] 1#1: nginx/1.25.2
2023/11/14 17:07:53 [notice] 1#1: built by gcc 12.2.0 (Debian 12.2.0-14) 
2023/11/14 17:07:53 [notice] 1#1: OS: Linux 6.3.13-linuxkit
2023/11/14 17:07:53 [notice] 1#1: getrlimit(RLIMIT_NOFILE): 1048576:1048576
2023/11/14 17:07:53 [notice] 1#1: start worker processes
2023/11/14 17:07:53 [notice] 1#1: start worker process 28
2023/11/14 17:07:53 [notice] 1#1: start worker process 29
2023/11/14 17:07:53 [notice] 1#1: start worker process 30
2023/11/14 17:07:53 [notice] 1#1: start worker process 31
2023/11/14 17:10:25 [notice] 1#1: signal 3 (SIGQUIT) received, shutting down
2023/11/14 17:10:25 [notice] 28#28: gracefully shutting down
2023/11/14 17:10:25 [notice] 28#28: exiting
2023/11/14 17:10:25 [notice] 29#29: gracefully shutting down
2023/11/14 17:10:25 [notice] 29#29: exiting
2023/11/14 17:10:25 [notice] 30#30: gracefully shutting down
2023/11/14 17:10:25 [notice] 30#30: exiting
2023/11/14 17:10:25 [notice] 31#31: gracefully shutting down
2023/11/14 17:10:25 [notice] 28#28: exit
2023/11/14 17:10:25 [notice] 29#29: exit
2023/11/14 17:10:25 [notice] 30#30: exit
2023/11/14 17:10:25 [notice] 31#31: exiting
2023/11/14 17:10:25 [notice] 31#31: exit
2023/11/14 17:10:25 [notice] 1#1: signal 17 (SIGCHLD) received from 28
2023/11/14 17:10:25 [notice] 1#1: worker process 28 exited with code 0
2023/11/14 17:10:25 [notice] 1#1: signal 29 (SIGIO) received
2023/11/14 17:10:25 [notice] 1#1: signal 17 (SIGCHLD) received from 31
2023/11/14 17:10:25 [notice] 1#1: worker process 30 exited with code 0
2023/11/14 17:10:25 [notice] 1#1: worker process 31 exited with code 0
2023/11/14 17:10:25 [notice] 1#1: worker process 29 exited with code 0
2023/11/14 17:10:25 [notice] 1#1: exit
2023/11/26 10:17:53 [notice] 1#1: using the "epoll" event method
2023/11/26 10:17:53 [notice] 1#1: nginx/1.25.2
2023/11/26 10:17:53 [notice] 1#1: built by gcc 12.2.0 (Debian 12.2.0-14) 
2023/11/26 10:17:53 [notice] 1#1: OS: Linux 6.4.16-linuxkit
2023/11/26 10:17:53 [notice] 1#1: getrlimit(RLIMIT_NOFILE): 1048576:1048576
2023/11/26 10:17:53 [notice] 1#1: start worker processes
2023/11/26 10:17:53 [notice] 1#1: start worker process 28
2023/11/26 10:17:53 [notice] 1#1: start worker process 29
2023/11/26 10:17:53 [notice] 1#1: start worker process 30
2023/11/26 10:17:53 [notice] 1#1: start worker process 31
2023/11/26 10:17:53 [notice] 1#1: start worker process 32
2023/11/26 10:17:53 [notice] 1#1: start worker process 33
2023/11/26 10:17:53 [notice] 1#1: start worker process 34
2023/11/26 10:17:53 [notice] 1#1: start worker process 35
2023/11/26 10:19:49 [notice] 1#1: signal 3 (SIGQUIT) received, shutting down
2023/11/26 10:19:49 [notice] 29#29: gracefully shutting down
2023/11/26 10:19:49 [notice] 35#35: gracefully shutting down
2023/11/26 10:19:49 [notice] 35#35: exiting
2023/11/26 10:19:49 [notice] 30#30: gracefully shutting down
2023/11/26 10:19:49 [notice] 31#31: gracefully shutting down
2023/11/26 10:19:49 [notice] 31#31: exiting
2023/11/26 10:19:49 [notice] 28#28: gracefully shutting down
2023/11/26 10:19:49 [notice] 33#33: gracefully shutting down
2023/11/26 10:19:49 [notice] 32#32: gracefully shutting down
2023/11/26 10:19:49 [notice] 34#34: gracefully shutting down
2023/11/26 10:19:49 [notice] 29#29: exiting
2023/11/26 10:19:49 [notice] 35#35: exit
2023/11/26 10:19:49 [notice] 30#30: exiting
2023/11/26 10:19:49 [notice] 31#31: exit
2023/11/26 10:19:49 [notice] 28#28: exiting
2023/11/26 10:19:49 [notice] 33#33: exiting
2023/11/26 10:19:49 [notice] 32#32: exiting
2023/11/26 10:19:49 [notice] 34#34: exiting
2023/11/26 10:19:49 [notice] 29#29: exit
2023/11/26 10:19:49 [notice] 30#30: exit
2023/11/26 10:19:49 [notice] 28#28: exit
2023/11/26 10:19:49 [notice] 33#33: exit
2023/11/26 10:19:49 [notice] 32#32: exit
2023/11/26 10:19:49 [notice] 34#34: exit
2023/11/26 10:19:49 [notice] 1#1: signal 17 (SIGCHLD) received from 31
2023/11/26 10:19:49 [notice] 1#1: worker process 31 exited with code 0
2023/11/26 10:19:49 [notice] 1#1: worker process 35 exited with code 0
2023/11/26 10:19:49 [notice] 1#1: signal 29 (SIGIO) received
2023/11/26 10:19:49 [notice] 1#1: signal 17 (SIGCHLD) received from 29
2023/11/26 10:19:49 [notice] 1#1: worker process 29 exited with code 0
2023/11/26 10:19:49 [notice] 1#1: signal 29 (SIGIO) received
2023/11/26 10:19:49 [notice] 1#1: signal 17 (SIGCHLD) received from 32
2023/11/26 10:19:49 [notice] 1#1: worker process 28 exited with code 0
2023/11/26 10:19:49 [notice] 1#1: worker process 30 exited with code 0
2023/11/26 10:19:49 [notice] 1#1: worker process 32 exited with code 0
2023/11/26 10:19:49 [notice] 1#1: worker process 33 exited with code 0
2023/11/26 10:19:49 [notice] 1#1: worker process 34 exited with code 0
2023/11/26 10:19:49 [notice] 1#1: exit
2023/11/26 10:20:09 [notice] 1#1: using the "epoll" event method
2023/11/26 10:20:09 [notice] 1#1: nginx/1.25.2
2023/11/26 10:20:09 [notice] 1#1: built by gcc 12.2.0 (Debian 12.2.0-14) 
2023/11/26 10:20:09 [notice] 1#1: OS: Linux 6.4.16-linuxkit
2023/11/26 10:20:09 [notice] 1#1: getrlimit(RLIMIT_NOFILE): 1048576:1048576
2023/11/26 10:20:09 [notice] 1#1: start worker processes
2023/11/26 10:20:09 [notice] 1#1: start worker process 28
2023/11/26 10:20:09 [notice] 1#1: start worker process 29
2023/11/26 10:20:09 [notice] 1#1: start worker process 30
2023/11/26 10:20:09 [notice] 1#1: start worker process 31
2023/11/26 10:20:09 [notice] 1#1: start worker process 32
2023/11/26 10:20:09 [notice] 1#1: start worker process 33
2023/11/26 10:20:09 [notice] 1#1: start worker process 34
2023/11/26 10:20:09 [notice] 1#1: start worker process 35
2023/11/26 10:20:18 [notice] 1#1: signal 3 (SIGQUIT) received, shutting down
2023/11/26 10:20:18 [notice] 29#29: gracefully shutting down
2023/11/26 10:20:18 [notice] 29#29: exiting
2023/11/26 10:20:18 [notice] 31#31: gracefully shutting down
2023/11/26 10:20:18 [notice] 31#31: exiting
2023/11/26 10:20:18 [notice] 28#28: gracefully shutting down
2023/11/26 10:20:18 [notice] 30#30: gracefully shutting down
2023/11/26 10:20:18 [notice] 30#30: exiting
2023/11/26 10:20:18 [notice] 34#34: gracefully shutting down
2023/11/26 10:20:18 [notice] 34#34: exiting
2023/11/26 10:20:18 [notice] 32#32: gracefully shutting down
2023/11/26 10:20:18 [notice] 32#32: exiting
2023/11/26 10:20:18 [notice] 33#33: gracefully shutting down
2023/11/26 10:20:18 [notice] 33#33: exiting
2023/11/26 10:20:18 [notice] 35#35: gracefully shutting down
2023/11/26 10:20:18 [notice] 29#29: exit
2023/11/26 10:20:18 [notice] 31#31: exit
2023/11/26 10:20:18 [notice] 28#28: exiting
2023/11/26 10:20:18 [notice] 30#30: exit
2023/11/26 10:20:18 [notice] 34#34: exit
2023/11/26 10:20:18 [notice] 32#32: exit
2023/11/26 10:20:18 [notice] 33#33: exit
2023/11/26 10:20:18 [notice] 35#35: exiting
2023/11/26 10:20:18 [notice] 28#28: exit
2023/11/26 10:20:18 [notice] 35#35: exit
2023/11/26 10:20:18 [notice] 1#1: signal 17 (SIGCHLD) received from 28
2023/11/26 10:20:18 [notice] 1#1: worker process 28 exited with code 0
2023/11/26 10:20:18 [notice] 1#1: worker process 32 exited with code 0
2023/11/26 10:20:18 [notice] 1#1: signal 29 (SIGIO) received
2023/11/26 10:20:18 [notice] 1#1: signal 17 (SIGCHLD) received from 33
2023/11/26 10:20:18 [notice] 1#1: worker process 29 exited with code 0
2023/11/26 10:20:18 [notice] 1#1: worker process 30 exited with code 0
2023/11/26 10:20:18 [notice] 1#1: worker process 31 exited with code 0
2023/11/26 10:20:18 [notice] 1#1: worker process 33 exited with code 0
2023/11/26 10:20:18 [notice] 1#1: worker process 34 exited with code 0
2023/11/26 10:20:18 [notice] 1#1: signal 29 (SIGIO) received
2023/11/26 10:20:18 [notice] 1#1: signal 17 (SIGCHLD) received from 35
2023/11/26 10:20:18 [notice] 1#1: worker process 35 exited with code 0
2023/11/26 10:20:18 [notice] 1#1: exit
2023/11/26 10:20:43 [notice] 1#1: using the "epoll" event method
2023/11/26 10:20:43 [notice] 1#1: nginx/1.25.2
2023/11/26 10:20:43 [notice] 1#1: built by gcc 12.2.0 (Debian 12.2.0-14) 
2023/11/26 10:20:43 [notice] 1#1: OS: Linux 6.4.16-linuxkit
2023/11/26 10:20:43 [notice] 1#1: getrlimit(RLIMIT_NOFILE): 1048576:1048576
2023/11/26 10:20:43 [notice] 1#1: start worker processes
2023/11/26 10:20:43 [notice] 1#1: start worker process 29
2023/11/26 10:20:43 [notice] 1#1: start worker process 30
2023/11/26 10:20:43 [notice] 1#1: start worker process 31
2023/11/26 10:20:43 [notice] 1#1: start worker process 32
2023/11/26 10:20:43 [notice] 1#1: start worker process 33
2023/11/26 10:20:43 [notice] 1#1: start worker process 34
2023/11/26 10:20:43 [notice] 1#1: start worker process 35
2023/11/26 10:20:43 [notice] 1#1: start worker process 36
2023/11/26 13:07:29 [notice] 1#1: signal 3 (SIGQUIT) received, shutting down
2023/11/26 13:07:29 [notice] 32#32: gracefully shutting down
2023/11/26 13:07:29 [notice] 31#31: gracefully shutting down
2023/11/26 13:07:29 [notice] 31#31: exiting
2023/11/26 13:07:29 [notice] 29#29: gracefully shutting down
2023/11/26 13:07:29 [notice] 29#29: exiting
2023/11/26 13:07:29 [notice] 30#30: gracefully shutting down
2023/11/26 13:07:29 [notice] 34#34: gracefully shutting down
2023/11/26 13:07:29 [notice] 35#35: gracefully shutting down
2023/11/26 13:07:29 [notice] 35#35: exiting
2023/11/26 13:07:29 [notice] 33#33: gracefully shutting down
2023/11/26 13:07:29 [notice] 33#33: exiting
2023/11/26 13:07:29 [notice] 36#36: gracefully shutting down
2023/11/26 13:07:29 [notice] 32#32: exiting
2023/11/26 13:07:29 [notice] 31#31: exit
2023/11/26 13:07:29 [notice] 29#29: exit
2023/11/26 13:07:29 [notice] 30#30: exiting
2023/11/26 13:07:29 [notice] 34#34: exiting
2023/11/26 13:07:29 [notice] 35#35: exit
2023/11/26 13:07:29 [notice] 33#33: exit
2023/11/26 13:07:29 [notice] 36#36: exiting
2023/11/26 13:07:29 [notice] 32#32: exit
2023/11/26 13:07:29 [notice] 30#30: exit
2023/11/26 13:07:29 [notice] 34#34: exit
2023/11/26 13:07:29 [notice] 36#36: exit
2023/11/26 13:07:29 [notice] 1#1: signal 17 (SIGCHLD) received from 31
2023/11/26 13:07:29 [notice] 1#1: worker process 31 exited with code 0
2023/11/26 13:07:29 [notice] 1#1: signal 29 (SIGIO) received
2023/11/26 13:07:29 [notice] 1#1: signal 17 (SIGCHLD) received from 29
2023/11/26 13:07:29 [notice] 1#1: worker process 29 exited with code 0
2023/11/26 13:07:29 [notice] 1#1: signal 29 (SIGIO) received
2023/11/26 13:07:29 [notice] 1#1: signal 17 (SIGCHLD) received from 35
2023/11/26 13:07:29 [notice] 1#1: worker process 30 exited with code 0
2023/11/26 13:07:29 [notice] 1#1: worker process 32 exited with code 0
2023/11/26 13:07:29 [notice] 1#1: worker process 33 exited with code 0
2023/11/26 13:07:29 [notice] 1#1: worker process 34 exited with code 0
2023/11/26 13:07:29 [notice] 1#1: worker process 35 exited with code 0
2023/11/26 13:07:29 [notice] 1#1: worker process 36 exited with code 0
2023/11/26 13:07:29 [notice] 1#1: exit
2023/11/26 15:36:43 [notice] 1#1: using the "epoll" event method
2023/11/26 15:36:43 [notice] 1#1: nginx/1.25.2
2023/11/26 15:36:43 [notice] 1#1: built by gcc 12.2.0 (Debian 12.2.0-14) 
2023/11/26 15:36:43 [notice] 1#1: OS: Linux 6.4.16-linuxkit
2023/11/26 15:36:43 [notice] 1#1: getrlimit(RLIMIT_NOFILE): 1048576:1048576
2023/11/26 15:36:43 [notice] 1#1: start worker processes
2023/11/26 15:36:43 [notice] 1#1: start worker process 28
2023/11/26 15:36:43 [notice] 1#1: start worker process 29
2023/11/26 15:36:43 [notice] 1#1: start worker process 30
2023/11/26 15:36:43 [notice] 1#1: start worker process 31
2023/11/26 15:36:43 [notice] 1#1: start worker process 32
2023/11/26 15:36:43 [notice] 1#1: start worker process 33
2023/11/26 15:36:43 [notice] 1#1: start worker process 34
2023/11/26 15:36:43 [notice] 1#1: start worker process 35
